3	17
Pressure     SZA (degrees)
P_hPa       10  15  20  25  30  35  40  45  50  55  60  65  70  75  80  85	
1007.58	0.7746	0.7767	0.7830	0.7920	0.8043	0.8194	0.8386	0.8639	0.8883	0.9205	0.9679	1.0217	1.0884	1.1715	1.2734	1.3906
900.88	0.8203	0.8223	0.8284	0.8371	0.8489	0.8635	0.8818	0.9059	0.9290	0.9592	1.0032	1.0524	1.1122	1.1846	1.2698	1.3583
803.10	0.8659	0.8678	0.8735	0.8817	0.8929	0.9065	0.9237	0.9460	0.9673	0.9948	1.0344	1.0778	1.1293	1.1895	1.2565	1.3160
713.94	0.9096	0.9113	0.9166	0.9242	0.9345	0.9469	0.9625	0.9827	1.0017	1.0261	1.0605	1.0973	1.1396	1.1868	1.2354	1.2675
632.77	0.9516	0.9531	0.9578	0.9646	0.9736	0.9846	0.9982	1.0156	1.0318	1.0523	1.0806	1.1097	1.1417	1.1750	1.2046	1.2108
559.42	0.9908	0.9921	0.9961	1.0018	1.0094	1.0185	1.0298	1.0439	1.0569	1.0730	1.0943	1.1151	1.1362	1.1551	1.1664	1.1494
493.25	1.0268	1.0278	1.0310	1.0354	1.0414	1.0484	1.0569	1.0674	1.0767	1.0878	1.1016	1.1136	1.1234	1.1281	1.1220	1.0846
433.77	1.0592	1.0600	1.0621	1.0652	1.0692	1.0738	1.0793	1.0857	1.0910	1.0967	1.1025	1.1054	1.1039	1.0947	1.0725	1.0178
380.27	1.0879	1.0883	1.0893	1.0908	1.0927	1.0947	1.0967	1.0987	1.0996	1.0997	1.0971	1.0906	1.0778	1.0554	1.0186	0.9494
332.14	1.1125	1.1125	1.1123	1.1120	1.1115	1.1106	1.1090	1.1062	1.1025	1.0965	1.0853	1.0694	1.0456	1.0108	0.9610	0.8801
289.18	1.1324	1.1319	1.1304	1.1283	1.1253	1.1212	1.1157	1.1079	1.0993	1.0872	1.0673	1.0421	1.0078	0.9617	0.9008	0.8110
250.58	1.1476	1.1467	1.1438	1.1396	1.1338	1.1265	1.1169	1.1038	1.0902	1.0718	1.0432	1.0090	0.9649	0.9087	0.8384	0.7422
216.13	1.1578	1.1563	1.1519	1.1456	1.1370	1.1262	1.1123	1.0939	1.0752	1.0505	1.0134	0.9707	0.9176	0.8526	0.7749	0.6745
185.42	1.1618	1.1598	1.1537	1.1452	1.1336	1.1193	1.1010	1.0772	1.0534	1.0225	0.9773	0.9266	0.8656	0.7935	0.7105	0.6086
158.37	1.1596	1.1571	1.1494	1.1386	1.1240	1.1060	1.0834	1.0542	1.0255	0.9887	0.9359	0.8782	0.8106	0.7330	0.6469	0.5460
134.66	1.1510	1.1480	1.1387	1.1256	1.1080	1.0865	1.0596	1.0252	0.9918	0.9495	0.8899	0.8262	0.7534	0.6723	0.5851	0.4875
114.09	1.1372	1.1337	1.1227	1.1074	1.0869	1.0620	1.0310	0.9918	0.9541	0.9069	0.8413	0.7729	0.6963	0.6133	0.5268	0.4339
96.43	1.1187	1.1147	1.1022	1.0848	1.0615	1.0335	0.9988	0.9552	0.9136	0.8622	0.7918	0.7197	0.6407	0.5573	0.4729	0.3860
81.51	1.0952	1.0907	1.0768	1.0575	1.0319	1.0011	0.9632	0.9161	0.8712	0.8164	0.7426	0.6683	0.5886	0.5066	0.4261	0.3472
69.02	1.0709	1.0660	1.0509	1.0300	1.0024	0.9692	0.9287	0.8786	0.8312	0.7738	0.6975	0.6221	0.5426	0.4627	0.3864	0.3152
58.60	1.0465	1.0413	1.0252	1.0030	0.9737	0.9387	0.8960	0.8437	0.7943	0.7351	0.6572	0.5815	0.5030	0.4256	0.3538	0.2901
49.87	1.0235	1.0180	1.0011	0.9778	0.9471	0.9106	0.8662	0.8121	0.7612	0.7008	0.6220	0.5465	0.4693	0.3946	0.3270	0.2702
42.55	1.0024	0.9967	0.9791	0.9549	0.9230	0.8852	0.8394	0.7839	0.7318	0.6704	0.5911	0.5159	0.4401	0.3680	0.3041	0.2531
36.36	0.9830	0.9772	0.9590	0.9340	0.9012	0.8623	0.8155	0.7589	0.7059	0.6438	0.5642	0.4896	0.4152	0.3456	0.2852	0.2394
31.12	0.9656	0.9596	0.9409	0.9153	0.8818	0.8421	0.7943	0.7369	0.6832	0.6207	0.5411	0.4672	0.3943	0.3270	0.2697	0.2286
26.68	0.9501	0.9440	0.9249	0.8988	0.8647	0.8244	0.7759	0.7179	0.6638	0.6010	0.5215	0.4484	0.3769	0.3118	0.2574	0.2205
22.91	0.9365	0.9303	0.9109	0.8844	0.8498	0.8090	0.7601	0.7017	0.6472	0.5843	0.5052	0.4329	0.3627	0.2995	0.2477	0.2147
19.72	0.9247	0.9185	0.8988	0.8721	0.8371	0.7959	0.7466	0.6879	0.6333	0.5704	0.4916	0.4200	0.3512	0.2897	0.2402	0.2106
16.99	0.9145	0.9081	0.8883	0.8613	0.8261	0.7846	0.7350	0.6760	0.6212	0.5584	0.4799	0.4090	0.3413	0.2814	0.2338	0.2071
14.66	0.9056	0.8993	0.8793	0.8521	0.8166	0.7749	0.7251	0.6660	0.6111	0.5483	0.4702	0.4000	0.3332	0.2747	0.2289	0.2048
12.67	0.8981	0.8916	0.8716	0.8442	0.8086	0.7667	0.7168	0.6576	0.6027	0.5400	0.4623	0.3927	0.3268	0.2695	0.2253	0.2036
10.96	0.8916	0.8852	0.8651	0.8376	0.8019	0.7599	0.7099	0.6507	0.5958	0.5333	0.4559	0.3869	0.3219	0.2657	0.2228	0.2032
9.49	0.8861	0.8797	0.8595	0.8319	0.7961	0.7541	0.7040	0.6449	0.5900	0.5276	0.4506	0.3821	0.3178	0.2626	0.2209	0.2033
8.23	0.8814	0.8749	0.8546	0.8270	0.7911	0.7491	0.6989	0.6398	0.5850	0.5227	0.4460	0.3780	0.3143	0.2599	0.2192	0.2032
7.15	0.8773	0.8709	0.8505	0.8229	0.7870	0.7449	0.6947	0.6356	0.5809	0.5188	0.4423	0.3747	0.3116	0.2579	0.2182	0.2037
6.21	0.8739	0.8674	0.8471	0.8195	0.7835	0.7414	0.6913	0.6322	0.5776	0.5156	0.4394	0.3722	0.3096	0.2566	0.2177	0.2046
5.40	0.8711	0.8646	0.8443	0.8166	0.7807	0.7386	0.6885	0.6296	0.5750	0.5132	0.4372	0.3704	0.3083	0.2559	0.2178	0.2059
4.70	0.8689	0.8624	0.8421	0.8145	0.7786	0.7366	0.6867	0.6279	0.5734	0.5118	0.4363	0.3698	0.3082	0.2563	0.2191	0.2085
4.10	0.8673	0.8609	0.8406	0.8131	0.7774	0.7355	0.6858	0.6272	0.5730	0.5117	0.4365	0.3706	0.3094	0.2582	0.2217	0.2127
3.58	0.8661	0.8597	0.8395	0.8121	0.7765	0.7348	0.6853	0.6270	0.5730	0.5120	0.4373	0.3717	0.3111	0.2604	0.2247	0.2172
3.12	0.8652	0.8588	0.8387	0.8114	0.7760	0.7345	0.6852	0.6272	0.5734	0.5127	0.4384	0.3733	0.3131	0.2629	0.2280	0.2220
2.73	0.8645	0.8582	0.8382	0.8110	0.7758	0.7344	0.6854	0.6277	0.5742	0.5138	0.4399	0.3751	0.3154	0.2658	0.2316	0.2269
2.40	0.8641	0.8577	0.8378	0.8108	0.7757	0.7346	0.6858	0.6284	0.5752	0.5151	0.4416	0.3772	0.3179	0.2688	0.2353	0.2321
2.10	0.8637	0.8575	0.8376	0.8108	0.7759	0.7350	0.6864	0.6293	0.5764	0.5166	0.4435	0.3796	0.3207	0.2721	0.2393	0.2374
1.85	0.8635	0.8572	0.8375	0.8108	0.7760	0.7354	0.6870	0.6303	0.5776	0.5181	0.4454	0.3818	0.3233	0.2752	0.2430	0.2424
1.63	0.8633	0.8571	0.8375	0.8108	0.7763	0.7358	0.6877	0.6312	0.5788	0.5196	0.4473	0.3841	0.3259	0.2782	0.2466	0.2472
1.43	0.8632	0.8570	0.8375	0.8110	0.7766	0.7364	0.6885	0.6323	0.5801	0.5213	0.4493	0.3864	0.3286	0.2813	0.2504	0.2521
1.26	0.8632	0.8570	0.8376	0.8112	0.7771	0.7370	0.6894	0.6335	0.5816	0.5230	0.4514	0.3889	0.3314	0.2845	0.2542	0.2571
1.11	0.8632	0.8571	0.8377	0.8115	0.7775	0.7377	0.6904	0.6348	0.5831	0.5248	0.4536	0.3914	0.3343	0.2878	0.2581	0.2622
0.98	0.8631	0.8570	0.8377	0.8116	0.7778	0.7381	0.6909	0.6355	0.5840	0.5260	0.4550	0.3931	0.3363	0.2901	0.2608	0.2657
0.87	0.8620	0.8559	0.8365	0.8102	0.7761	0.7361	0.6887	0.6329	0.5811	0.5227	0.4514	0.3891	0.3320	0.2855	0.2556	0.2594
0.77	0.8610	0.8548	0.8353	0.8088	0.7744	0.7342	0.6864	0.6303	0.5782	0.5195	0.4477	0.3852	0.3277	0.2809	0.2505	0.2532
0.67	0.8599	0.8536	0.8340	0.8073	0.7728	0.7323	0.6842	0.6277	0.5753	0.5162	0.4441	0.3812	0.3235	0.2763	0.2455	0.2471
0.59	0.8588	0.8525	0.8327	0.8059	0.7710	0.7303	0.6819	0.6251	0.5723	0.5130	0.4405	0.3773	0.3193	0.2718	0.2405	0.2410
0.52	0.8576	0.8513	0.8314	0.8044	0.7693	0.7283	0.6796	0.6224	0.5694	0.5097	0.4369	0.3734	0.3151	0.2673	0.2355	0.2350
0.46	0.8564	0.8501	0.8301	0.8029	0.7676	0.7263	0.6773	0.6198	0.5665	0.5065	0.4332	0.3694	0.3109	0.2628	0.2306	0.2291
0.40	0.8553	0.8489	0.8287	0.8013	0.7658	0.7243	0.6750	0.6171	0.5635	0.5032	0.4296	0.3655	0.3067	0.2584	0.2257	0.2232
0.35	0.8540	0.8476	0.8273	0.7998	0.7640	0.7222	0.6726	0.6144	0.5606	0.5000	0.4260	0.3617	0.3026	0.2540	0.2209	0.2174
0.31	0.8528	0.8463	0.8259	0.7982	0.7622	0.7202	0.6703	0.6117	0.5576	0.4967	0.4224	0.3578	0.2985	0.2496	0.2161	0.2117
0.27	0.8515	0.8449	0.8244	0.7965	0.7604	0.7181	0.6679	0.6090	0.5547	0.4934	0.4188	0.3539	0.2944	0.2453	0.2114	0.2061
0.24	0.8501	0.8436	0.8229	0.7949	0.7585	0.7159	0.6655	0.6063	0.5517	0.4902	0.4152	0.3501	0.2903	0.2410	0.2067	0.2005
0.21	0.8488	0.8422	0.8214	0.7932	0.7566	0.7138	0.6631	0.6036	0.5487	0.4869	0.4116	0.3462	0.2863	0.2367	0.2021	0.1950
0.18	0.8474	0.8407	0.8198	0.7914	0.7546	0.7116	0.6606	0.6008	0.5456	0.4836	0.4080	0.3424	0.2822	0.2325	0.1975	0.1896
0.16	0.8459	0.8392	0.8182	0.7897	0.7527	0.7094	0.6581	0.5980	0.5426	0.4803	0.4044	0.3386	0.2782	0.2283	0.1930	0.1842
0.14	0.8444	0.8377	0.8166	0.7879	0.7507	0.7072	0.6556	0.5952	0.5396	0.4770	0.4008	0.3347	0.2742	0.2241	0.1886	0.1789
0.12	0.8429	0.8362	0.8149	0.7861	0.7487	0.7049	0.6531	0.5924	0.5365	0.4737	0.3973	0.3310	0.2703	0.2200	0.1842	0.1737
0.10	0.8414	0.8346	0.8132	0.7842	0.7466	0.7026	0.6506	0.5896	0.5335	0.4704	0.3937	0.3272	0.2663	0.2159	0.1798	0.1686
0.09	0.8398	0.8329	0.8115	0.7823	0.7445	0.7003	0.6480	0.5867	0.5304	0.4670	0.3901	0.3234	0.2624	0.2118	0.1755	0.1635
0.08	0.8382	0.8313	0.8097	0.7804	0.7424	0.6980	0.6454	0.5838	0.5273	0.4637	0.3865	0.3196	0.2585	0.2078	0.1712	0.1585
0.07	0.8365	0.8296	0.8079	0.7784	0.7402	0.6956	0.6428	0.5809	0.5242	0.4604	0.3829	0.3159	0.2547	0.2038	0.1670	0.1536
0.06	0.8348	0.8278	0.8060	0.7764	0.7380	0.6932	0.6402	0.5780	0.5210	0.4570	0.3794	0.3121	0.2508	0.1999	0.1628	0.1488
