3	17
Pressure     SZA (degrees)
P_hPa       10  15  20  25  30  35  40  45  50  55  60  65  70  75  80  85	
1007.58	0.8767	0.8765	0.8770	0.8777	0.8778	0.8780	0.8780	0.8782	0.8803	0.8810	0.8833	0.8837	0.8868	0.8919	0.9045	0.9816
900.88	0.9403	0.9402	0.9403	0.9407	0.9407	0.9408	0.9408	0.9412	0.9421	0.9425	0.9438	0.9444	0.9462	0.9492	0.9562	0.9953
803.10	1.0131	1.0131	1.0128	1.0127	1.0126	1.0125	1.0125	1.0132	1.0124	1.0123	1.0123	1.0132	1.0133	1.0132	1.0127	1.0049
713.94	1.0767	1.0768	1.0760	1.0754	1.0753	1.0750	1.0749	1.0759	1.0733	1.0729	1.0714	1.0726	1.0710	1.0679	1.0602	1.0108
632.77	1.1457	1.1459	1.1445	1.1433	1.1431	1.1426	1.1424	1.1438	1.1390	1.1381	1.1349	1.1364	1.1327	1.1258	1.1092	1.0127
559.42	1.2120	1.2125	1.2103	1.2085	1.2082	1.2074	1.2071	1.2090	1.2017	1.2002	1.1952	1.1971	1.1911	1.1801	1.1542	1.0122
493.25	1.2750	1.2756	1.2727	1.2703	1.2698	1.2688	1.2684	1.2707	1.2609	1.2588	1.2519	1.2541	1.2457	1.2306	1.1952	1.0100
433.77	1.3351	1.3358	1.3322	1.3290	1.3284	1.3271	1.3266	1.3294	1.3170	1.3143	1.3053	1.3079	1.2971	1.2778	1.2329	1.0072
380.27	1.3948	1.3958	1.3913	1.3874	1.3867	1.3850	1.3844	1.3877	1.3725	1.3691	1.3580	1.3609	1.3476	1.3238	1.2691	1.0037
332.14	1.4542	1.4554	1.4500	1.4453	1.4444	1.4424	1.4418	1.4455	1.4273	1.4232	1.4099	1.4132	1.3971	1.3688	1.3038	0.9997
289.18	1.5127	1.5140	1.5077	1.5021	1.5012	1.4988	1.4980	1.5024	1.4809	1.4761	1.4605	1.4643	1.4454	1.4122	1.3368	0.9955
250.58	1.5705	1.5721	1.5648	1.5584	1.5572	1.5545	1.5536	1.5586	1.5338	1.5282	1.5101	1.5144	1.4926	1.4545	1.3685	0.9913
216.13	1.6272	1.6290	1.6207	1.6133	1.6120	1.6089	1.6079	1.6134	1.5852	1.5789	1.5583	1.5630	1.5382	1.4952	1.3986	0.9869
185.42	1.6822	1.6842	1.6748	1.6665	1.6650	1.6615	1.6604	1.6666	1.6348	1.6277	1.6045	1.6097	1.5819	1.5338	1.4264	0.9817
158.37	1.7344	1.7367	1.7263	1.7170	1.7154	1.7114	1.7101	1.7170	1.6817	1.6738	1.6479	1.6537	1.6229	1.5697	1.4516	0.9764
134.66	1.7830	1.7855	1.7740	1.7637	1.7619	1.7576	1.7562	1.7637	1.7248	1.7161	1.6877	1.6939	1.6601	1.6019	1.4733	0.9684
114.09	1.8274	1.8301	1.8176	1.8064	1.8044	1.7997	1.7982	1.8063	1.7640	1.7545	1.7235	1.7303	1.6935	1.6305	1.4919	0.9654
96.43	1.8641	1.8671	1.8536	1.8415	1.8394	1.8343	1.8327	1.8414	1.7958	1.7857	1.7523	1.7595	1.7200	1.6524	1.5044	0.9508
81.51	1.8954	1.8986	1.8842	1.8713	1.8691	1.8637	1.8619	1.8711	1.8227	1.8118	1.7764	1.7839	1.7419	1.6701	1.5134	0.9383
69.02	1.9212	1.9245	1.9094	1.8958	1.8935	1.8878	1.8860	1.8956	1.8446	1.8332	1.7959	1.8038	1.7595	1.6841	1.5199	0.9276
58.60	1.9410	1.9445	1.9287	1.9146	1.9121	1.9062	1.9043	1.9144	1.8612	1.8494	1.8105	1.8187	1.7725	1.6941	1.5238	0.9168
49.87	1.9565	1.9602	1.9439	1.9293	1.9267	1.9206	1.9186	1.9290	1.8741	1.8619	1.8217	1.8301	1.7825	1.7015	1.5261	0.9066
42.55	1.9699	1.9736	1.9569	1.9418	1.9392	1.9330	1.9309	1.9416	1.8852	1.8726	1.8313	1.8400	1.7910	1.7079	1.5282	0.8981
36.36	1.9806	1.9845	1.9673	1.9519	1.9493	1.9429	1.9408	1.9517	1.8940	1.8812	1.8389	1.8478	1.7977	1.7128	1.5294	0.8917
31.12	1.9890	1.9929	1.9754	1.9598	1.9571	1.9505	1.9484	1.9595	1.9008	1.8877	1.8447	1.8537	1.8027	1.7163	1.5299	0.8869
26.68	1.9950	1.9990	1.9813	1.9654	1.9627	1.9561	1.9539	1.9651	1.9055	1.8923	1.8487	1.8577	1.8061	1.7184	1.5294	0.8832
22.91	1.9993	2.0034	1.9854	1.9694	1.9666	1.9599	1.9577	1.9691	1.9088	1.8954	1.8513	1.8604	1.8081	1.7194	1.5284	0.8807
19.72	2.0022	2.0063	1.9882	1.9720	1.9692	1.9624	1.9603	1.9717	1.9108	1.8974	1.8528	1.8620	1.8092	1.7198	1.5271	0.8788
16.99	2.0048	2.0089	1.9906	1.9743	1.9714	1.9647	1.9625	1.9740	1.9127	1.8991	1.8542	1.8635	1.8103	1.7201	1.5261	0.8777
14.66	2.0064	2.0105	1.9922	1.9757	1.9729	1.9661	1.9639	1.9754	1.9138	1.9001	1.8549	1.8643	1.8108	1.7201	1.5251	0.8769
12.67	2.0073	2.0114	1.9930	1.9765	1.9736	1.9667	1.9645	1.9762	1.9142	1.9006	1.8551	1.8645	1.8108	1.7197	1.5240	0.8764
10.96	2.0074	2.0115	1.9931	1.9765	1.9736	1.9668	1.9645	1.9762	1.9141	1.9004	1.8548	1.8642	1.8103	1.7189	1.5228	0.8759
9.49	2.0074	2.0116	1.9931	1.9765	1.9736	1.9667	1.9645	1.9762	1.9139	1.9002	1.8545	1.8640	1.8099	1.7183	1.5218	0.8757
8.23	2.0076	2.0118	1.9932	1.9766	1.9737	1.9668	1.9646	1.9763	1.9139	1.9002	1.8545	1.8639	1.8097	1.7180	1.5212	0.8756
7.15	2.0072	2.0114	1.9928	1.9762	1.9733	1.9664	1.9642	1.9759	1.9135	1.8997	1.8539	1.8634	1.8092	1.7173	1.5203	0.8754
6.21	2.0067	2.0109	1.9923	1.9757	1.9728	1.9659	1.9637	1.9754	1.9130	1.8992	1.8534	1.8629	1.8086	1.7167	1.5197	0.8754
5.40	2.0059	2.0101	1.9915	1.9749	1.9720	1.9651	1.9629	1.9746	1.9122	1.8985	1.8527	1.8621	1.8078	1.7159	1.5189	0.8753
4.70	2.0038	2.0080	1.9895	1.9729	1.9700	1.9631	1.9609	1.9726	1.9103	1.8966	1.8508	1.8603	1.8060	1.7142	1.5173	0.8748
4.10	2.0006	2.0047	1.9863	1.9697	1.9668	1.9600	1.9578	1.9694	1.9073	1.8936	1.8480	1.8574	1.8033	1.7116	1.5150	0.8739
3.58	1.9971	2.0012	1.9828	1.9663	1.9634	1.9566	1.9544	1.9661	1.9041	1.8905	1.8450	1.8543	1.8003	1.7089	1.5127	0.8730
3.12	1.9933	1.9975	1.9791	1.9627	1.9598	1.9530	1.9508	1.9624	1.9007	1.8871	1.8417	1.8511	1.7972	1.7060	1.5101	0.8720
2.73	1.9894	1.9935	1.9752	1.9589	1.9560	1.9492	1.9471	1.9586	1.8971	1.8836	1.8383	1.8476	1.7939	1.7029	1.5075	0.8709
2.40	1.9852	1.9893	1.9711	1.9548	1.9520	1.9453	1.9431	1.9546	1.8933	1.8798	1.8347	1.8440	1.7904	1.6996	1.5047	0.8697
2.10	1.9809	1.9850	1.9669	1.9507	1.9478	1.9411	1.9389	1.9504	1.8894	1.8760	1.8310	1.8402	1.7868	1.6963	1.5018	0.8684
1.85	1.9769	1.9810	1.9630	1.9468	1.9439	1.9373	1.9351	1.9466	1.8857	1.8724	1.8275	1.8368	1.7835	1.6932	1.4991	0.8672
1.63	1.9729	1.9770	1.9590	1.9429	1.9401	1.9335	1.9313	1.9427	1.8821	1.8688	1.8241	1.8333	1.7801	1.6900	1.4964	0.8659
1.43	1.9689	1.9730	1.9551	1.9390	1.9362	1.9296	1.9274	1.9388	1.8784	1.8651	1.8206	1.8297	1.7767	1.6868	1.4937	0.8646
1.26	1.9648	1.9688	1.9510	1.9350	1.9322	1.9256	1.9234	1.9347	1.8746	1.8614	1.8170	1.8261	1.7732	1.6836	1.4909	0.8633
1.11	1.9605	1.9645	1.9467	1.9308	1.9280	1.9215	1.9193	1.9306	1.8706	1.8575	1.8132	1.8223	1.7696	1.6802	1.4880	0.8619
0.98	1.9575	1.9615	1.9438	1.9279	1.9251	1.9186	1.9165	1.9277	1.8679	1.8548	1.8107	1.8197	1.7671	1.6779	1.4860	0.8610
0.87	1.9634	1.9674	1.9496	1.9336	1.9308	1.9242	1.9221	1.9334	1.8733	1.8601	1.8158	1.8249	1.7721	1.6825	1.4899	0.8630
0.77	1.9691	1.9732	1.9553	1.9392	1.9364	1.9298	1.9276	1.9390	1.8786	1.8654	1.8208	1.8300	1.7770	1.6871	1.4938	0.8649
0.67	1.9748	1.9789	1.9609	1.9448	1.9419	1.9353	1.9331	1.9445	1.8839	1.8706	1.8258	1.8350	1.7818	1.6916	1.4977	0.8668
0.59	1.9805	1.9846	1.9665	1.9502	1.9474	1.9407	1.9386	1.9500	1.8890	1.8757	1.8307	1.8400	1.7866	1.6960	1.5016	0.8686
0.52	1.9861	1.9902	1.9720	1.9557	1.9528	1.9461	1.9439	1.9555	1.8942	1.8808	1.8356	1.8449	1.7913	1.7005	1.5053	0.8705
0.46	1.9916	1.9957	1.9774	1.9611	1.9582	1.9514	1.9493	1.9608	1.8993	1.8858	1.8405	1.8498	1.7960	1.7048	1.5091	0.8723
0.40	1.9970	2.0012	1.9828	1.9664	1.9635	1.9567	1.9545	1.9661	1.9043	1.8907	1.8452	1.8546	1.8006	1.7091	1.5127	0.8740
0.35	2.0025	2.0066	1.9882	1.9716	1.9687	1.9619	1.9597	1.9714	1.9092	1.8956	1.8499	1.8593	1.8051	1.7133	1.5164	0.8758
0.31	2.0078	2.0120	1.9935	1.9768	1.9739	1.9671	1.9649	1.9766	1.9142	1.9005	1.8546	1.8640	1.8097	1.7175	1.5199	0.8775
0.27	2.0131	2.0173	1.9987	1.9820	1.9791	1.9722	1.9699	1.9817	1.9190	1.9052	1.8592	1.8687	1.8141	1.7216	1.5235	0.8791
0.24	2.0184	2.0226	2.0038	1.9871	1.9841	1.9772	1.9749	1.9868	1.9238	1.9100	1.8637	1.8733	1.8185	1.7257	1.5269	0.8807
0.21	2.0235	2.0278	2.0090	1.9921	1.9891	1.9822	1.9799	1.9918	1.9285	1.9146	1.8682	1.8778	1.8228	1.7297	1.5303	0.8823
0.18	2.0287	2.0330	2.0140	1.9971	1.9941	1.9871	1.9848	1.9968	1.9332	1.9193	1.8726	1.8823	1.8271	1.7337	1.5337	0.8839
0.16	2.0337	2.0380	2.0190	2.0020	1.9990	1.9920	1.9897	2.0017	1.9378	1.9238	1.8770	1.8867	1.8313	1.7376	1.5370	0.8854
0.14	2.0387	2.0431	2.0240	2.0068	2.0039	1.9968	1.9945	2.0065	1.9424	1.9283	1.8813	1.8910	1.8355	1.7415	1.5403	0.8869
0.12	2.0437	2.0480	2.0288	2.0116	2.0086	2.0015	1.9992	2.0113	1.9469	1.9327	1.8856	1.8953	1.8396	1.7453	1.5435	0.8883
0.10	2.0486	2.0530	2.0337	2.0164	2.0134	2.0062	2.0039	2.0161	1.9514	1.9371	1.8898	1.8996	1.8436	1.7490	1.5467	0.8897
0.09	2.0534	2.0578	2.0384	2.0211	2.0181	2.0109	2.0085	2.0208	1.9558	1.9415	1.8939	1.9038	1.8476	1.7527	1.5498	0.8911
0.08	2.0582	2.0626	2.0432	2.0257	2.0227	2.0155	2.0131	2.0254	1.9601	1.9458	1.8980	1.9079	1.8516	1.7564	1.5529	0.8925
0.07	2.0630	2.0674	2.0478	2.0303	2.0273	2.0200	2.0177	2.0300	1.9644	1.9500	1.9021	1.9120	1.8555	1.7600	1.5559	0.8938
0.06	2.0676	2.0721	2.0524	2.0348	2.0318	2.0245	2.0221	2.0345	1.9687	1.9542	1.9061	1.9160	1.8593	1.7635	1.5588	0.8950
