3	17
Pressure     SZA (degrees)
P_hPa       10  15  20  25  30  35  40  45  50  55  60  65  70  75  80  85	
1007.58	0.0152	0.0154	0.0148	0.0145	0.0144	0.0145	0.0143	0.0145	0.0133	0.0135	0.0133	0.0135	0.0128	0.0133	-0.0134	-0.0160
900.88	0.0207	0.0210	0.0202	0.0199	0.0198	0.0200	0.0198	0.0201	0.0187	0.0190	0.0190	0.0193	0.0184	0.0190	-0.0142	-0.0179
803.10	0.0280	0.0283	0.0274	0.0271	0.0270	0.0273	0.0272	0.0275	0.0259	0.0264	0.0267	0.0271	0.0259	0.0267	-0.0136	-0.0192
713.94	0.0372	0.0376	0.0365	0.0362	0.0362	0.0365	0.0365	0.0368	0.0352	0.0357	0.0365	0.0370	0.0355	0.0364	-0.0110	-0.0193
632.77	0.0490	0.0495	0.0483	0.0480	0.0480	0.0484	0.0486	0.0489	0.0472	0.0478	0.0492	0.0498	0.0479	0.0490	-0.0055	-0.0176
559.42	0.0637	0.0643	0.0629	0.0626	0.0627	0.0632	0.0636	0.0639	0.0622	0.0629	0.0650	0.0658	0.0635	0.0647	0.0038	-0.0137
493.25	0.0816	0.0824	0.0808	0.0806	0.0808	0.0814	0.0820	0.0823	0.0805	0.0813	0.0844	0.0854	0.0825	0.0839	0.0177	-0.0070
433.77	0.1033	0.1042	0.1023	0.1022	0.1026	0.1034	0.1041	0.1045	0.1027	0.1036	0.1077	0.1089	0.1054	0.1071	0.0370	0.0031
380.27	0.1293	0.1304	0.1282	0.1282	0.1287	0.1297	0.1307	0.1311	0.1293	0.1304	0.1357	0.1371	0.1329	0.1348	0.0627	0.0171
332.14	0.1602	0.1616	0.1591	0.1592	0.1599	0.1611	0.1624	0.1629	0.1610	0.1622	0.1689	0.1705	0.1655	0.1677	0.0956	0.0357
289.18	0.1966	0.1981	0.1954	0.1957	0.1964	0.1979	0.1995	0.2000	0.1981	0.1996	0.2078	0.2096	0.2037	0.2062	0.1363	0.0595
250.58	0.2393	0.2410	0.2379	0.2384	0.2394	0.2411	0.2430	0.2437	0.2417	0.2434	0.2532	0.2552	0.2484	0.2512	0.1857	0.0894
216.13	0.2888	0.2908	0.2874	0.2881	0.2892	0.2913	0.2935	0.2942	0.2923	0.2941	0.3056	0.3078	0.3000	0.3031	0.2443	0.1263
185.42	0.3456	0.3478	0.3440	0.3450	0.3463	0.3486	0.3512	0.3520	0.3501	0.3521	0.3652	0.3676	0.3588	0.3623	0.3125	0.1714
158.37	0.4090	0.4115	0.4074	0.4086	0.4101	0.4127	0.4156	0.4164	0.4145	0.4167	0.4314	0.4338	0.4242	0.4280	0.3893	0.2251
134.66	0.4780	0.4807	0.4764	0.4778	0.4795	0.4823	0.4854	0.4863	0.4845	0.4868	0.5026	0.5051	0.4948	0.4989	0.4727	0.2877
114.09	0.5514	0.5541	0.5497	0.5513	0.5531	0.5561	0.5593	0.5602	0.5585	0.5608	0.5775	0.5800	0.5692	0.5735	0.5599	0.3587
96.43	0.6261	0.6289	0.6246	0.6263	0.6280	0.6311	0.6343	0.6353	0.6337	0.6360	0.6529	0.6553	0.6444	0.6488	0.6470	0.4367
81.51	0.6934	0.6960	0.6919	0.6936	0.6953	0.6983	0.7014	0.7024	0.7009	0.7032	0.7193	0.7216	0.7111	0.7154	0.7238	0.5155
69.02	0.7556	0.7580	0.7543	0.7559	0.7575	0.7603	0.7632	0.7640	0.7628	0.7649	0.7798	0.7819	0.7722	0.7762	0.7917	0.5940
58.60	0.8098	0.8120	0.8087	0.8102	0.8116	0.8141	0.8167	0.8174	0.8164	0.8182	0.8316	0.8334	0.8248	0.8285	0.8480	0.6686
49.87	0.8572	0.8591	0.8563	0.8576	0.8589	0.8610	0.8632	0.8639	0.8630	0.8646	0.8761	0.8776	0.8703	0.8735	0.8946	0.7387
42.55	0.9008	0.9024	0.9001	0.9012	0.9022	0.9040	0.9058	0.9064	0.9057	0.9070	0.9165	0.9177	0.9118	0.9146	0.9352	0.8059
36.36	0.9386	0.9398	0.9380	0.9389	0.9398	0.9411	0.9426	0.9430	0.9425	0.9436	0.9510	0.9520	0.9474	0.9497	0.9684	0.8677
31.12	0.9709	0.9718	0.9705	0.9712	0.9718	0.9728	0.9738	0.9741	0.9738	0.9746	0.9799	0.9807	0.9775	0.9793	0.9951	0.9237
26.68	0.9975	0.9980	0.9972	0.9977	0.9981	0.9987	0.9994	0.9996	0.9994	0.9999	1.0033	1.0038	1.0019	1.0033	1.0157	0.9730
22.91	1.0192	1.0194	1.0191	1.0193	1.0195	1.0198	1.0201	1.0203	1.0202	1.0205	1.0221	1.0224	1.0217	1.0226	1.0313	1.0158
19.72	1.0367	1.0367	1.0368	1.0368	1.0368	1.0368	1.0368	1.0369	1.0370	1.0370	1.0369	1.0370	1.0374	1.0379	1.0431	1.0525
16.99	1.0522	1.0519	1.0523	1.0522	1.0520	1.0517	1.0515	1.0514	1.0516	1.0514	1.0499	1.0498	1.0512	1.0514	1.0530	1.0854
14.66	1.0644	1.0639	1.0647	1.0644	1.0641	1.0636	1.0630	1.0629	1.0632	1.0629	1.0600	1.0597	1.0620	1.0619	1.0601	1.1131
12.67	1.0740	1.0733	1.0744	1.0739	1.0735	1.0727	1.0720	1.0718	1.0722	1.0717	1.0676	1.0673	1.0703	1.0699	1.0652	1.1363
10.96	1.0811	1.0803	1.0816	1.0810	1.0804	1.0795	1.0786	1.0783	1.0788	1.0781	1.0731	1.0726	1.0763	1.0756	1.0683	1.1550
9.49	1.0869	1.0860	1.0874	1.0868	1.0861	1.0850	1.0839	1.0836	1.0841	1.0834	1.0775	1.0769	1.0812	1.0803	1.0706	1.1710
8.23	1.0922	1.0911	1.0928	1.0920	1.0912	1.0900	1.0887	1.0884	1.0890	1.0881	1.0814	1.0808	1.0856	1.0845	1.0727	1.1852
7.15	1.0959	1.0947	1.0965	1.0957	1.0949	1.0935	1.0921	1.0917	1.0924	1.0914	1.0841	1.0833	1.0886	1.0873	1.0738	1.1966
6.21	1.0984	1.0971	1.0991	1.0981	1.0973	1.0958	1.0943	1.0939	1.0945	1.0935	1.0856	1.0848	1.0905	1.0891	1.0740	1.2054
5.40	1.0997	1.0984	1.1004	1.0994	1.0985	1.0970	1.0954	1.0949	1.0956	1.0946	1.0862	1.0854	1.0913	1.0898	1.0735	1.2120
4.70	1.0986	1.0972	1.0994	1.0983	1.0974	1.0958	1.0941	1.0936	1.0944	1.0933	1.0846	1.0837	1.0898	1.0882	1.0711	1.2146
4.10	1.0949	1.0934	1.0956	1.0946	1.0936	1.0919	1.0902	1.0898	1.0905	1.0894	1.0805	1.0796	1.0859	1.0842	1.0667	1.2129
3.58	1.0904	1.0890	1.0912	1.0901	1.0891	1.0875	1.0857	1.0853	1.0860	1.0849	1.0759	1.0749	1.0813	1.0796	1.0619	1.2097
3.12	1.0855	1.0840	1.0862	1.0851	1.0841	1.0825	1.0807	1.0802	1.0810	1.0798	1.0708	1.0698	1.0762	1.0745	1.0568	1.2054
2.73	1.0800	1.0785	1.0808	1.0797	1.0787	1.0770	1.0753	1.0748	1.0756	1.0744	1.0653	1.0643	1.0707	1.0691	1.0515	1.1999
2.40	1.0742	1.0727	1.0750	1.0739	1.0729	1.0713	1.0695	1.0690	1.0698	1.0686	1.0595	1.0586	1.0650	1.0633	1.0460	1.1937
2.10	1.0681	1.0666	1.0689	1.0678	1.0668	1.0652	1.0634	1.0630	1.0637	1.0626	1.0535	1.0526	1.0589	1.0572	1.0404	1.1867
1.85	1.0624	1.0609	1.0632	1.0621	1.0612	1.0595	1.0578	1.0573	1.0581	1.0569	1.0479	1.0470	1.0533	1.0516	1.0351	1.1801
1.63	1.0569	1.0554	1.0577	1.0566	1.0556	1.0540	1.0523	1.0518	1.0526	1.0514	1.0425	1.0416	1.0478	1.0462	1.0301	1.1735
1.43	1.0512	1.0497	1.0520	1.0509	1.0500	1.0483	1.0466	1.0462	1.0469	1.0458	1.0370	1.0360	1.0422	1.0406	1.0250	1.1665
1.26	1.0454	1.0440	1.0461	1.0451	1.0442	1.0426	1.0409	1.0404	1.0412	1.0401	1.0313	1.0304	1.0365	1.0349	1.0198	1.1592
1.11	1.0395	1.0380	1.0402	1.0392	1.0383	1.0367	1.0350	1.0346	1.0353	1.0342	1.0256	1.0247	1.0307	1.0292	1.0146	1.1516
0.98	1.0355	1.0341	1.0362	1.0352	1.0343	1.0327	1.0311	1.0306	1.0314	1.0302	1.0217	1.0208	1.0268	1.0253	1.0111	1.1466
0.87	1.0439	1.0425	1.0447	1.0436	1.0427	1.0410	1.0393	1.0389	1.0396	1.0385	1.0296	1.0287	1.0349	1.0333	1.0179	1.1591
0.77	1.0524	1.0508	1.0531	1.0521	1.0511	1.0494	1.0476	1.0471	1.0479	1.0467	1.0376	1.0366	1.0430	1.0413	1.0247	1.1715
0.67	1.0608	1.0593	1.0616	1.0605	1.0595	1.0577	1.0559	1.0554	1.0562	1.0550	1.0455	1.0445	1.0511	1.0493	1.0316	1.1840
0.59	1.0694	1.0677	1.0702	1.0690	1.0680	1.0661	1.0642	1.0637	1.0646	1.0633	1.0535	1.0524	1.0593	1.0574	1.0385	1.1966
0.52	1.0779	1.0762	1.0788	1.0775	1.0764	1.0746	1.0726	1.0721	1.0729	1.0716	1.0615	1.0604	1.0675	1.0656	1.0454	1.2091
0.46	1.0865	1.0848	1.0874	1.0861	1.0850	1.0831	1.0810	1.0805	1.0814	1.0800	1.0696	1.0685	1.0758	1.0737	1.0523	1.2218
0.40	1.0952	1.0934	1.0961	1.0948	1.0936	1.0916	1.0895	1.0890	1.0898	1.0884	1.0777	1.0766	1.0841	1.0820	1.0593	1.2345
0.35	1.1039	1.1021	1.1048	1.1035	1.1023	1.1002	1.0981	1.0975	1.0984	1.0970	1.0859	1.0847	1.0925	1.0903	1.0663	1.2474
0.31	1.1127	1.1108	1.1137	1.1123	1.1110	1.1089	1.1067	1.1061	1.1070	1.1055	1.0942	1.0930	1.1009	1.0986	1.0734	1.2604
0.27	1.1216	1.1197	1.1226	1.1211	1.1198	1.1176	1.1154	1.1148	1.1157	1.1142	1.1025	1.1013	1.1094	1.1071	1.0806	1.2735
0.24	1.1305	1.1285	1.1315	1.1300	1.1287	1.1265	1.1241	1.1235	1.1245	1.1229	1.1109	1.1096	1.1180	1.1156	1.0878	1.2867
0.21	1.1396	1.1375	1.1406	1.1391	1.1377	1.1354	1.1330	1.1323	1.1333	1.1317	1.1194	1.1181	1.1267	1.1242	1.0951	1.3001
0.18	1.1487	1.1466	1.1498	1.1482	1.1468	1.1444	1.1420	1.1413	1.1423	1.1406	1.1279	1.1266	1.1355	1.1329	1.1025	1.3137
0.16	1.1579	1.1558	1.1590	1.1574	1.1559	1.1535	1.1510	1.1503	1.1513	1.1496	1.1366	1.1352	1.1443	1.1416	1.1099	1.3273
0.14	1.1673	1.1651	1.1684	1.1667	1.1652	1.1627	1.1601	1.1594	1.1605	1.1587	1.1453	1.1439	1.1533	1.1505	1.1174	1.3412
0.12	1.1767	1.1744	1.1778	1.1761	1.1746	1.1720	1.1693	1.1686	1.1697	1.1679	1.1542	1.1527	1.1623	1.1594	1.1249	1.3552
0.10	1.1862	1.1839	1.1874	1.1856	1.1840	1.1814	1.1787	1.1779	1.1790	1.1772	1.1631	1.1616	1.1714	1.1685	1.1326	1.3694
0.09	1.1959	1.1935	1.1971	1.1952	1.1936	1.1909	1.1881	1.1873	1.1885	1.1866	1.1721	1.1707	1.1807	1.1777	1.1403	1.3839
0.08	1.2057	1.2032	1.2069	1.2050	1.2034	1.2006	1.1977	1.1969	1.1981	1.1961	1.1813	1.1798	1.1901	1.1870	1.1481	1.3986
0.07	1.2156	1.2131	1.2168	1.2149	1.2132	1.2104	1.2074	1.2066	1.2078	1.2058	1.1906	1.1891	1.1996	1.1964	1.1560	1.4135
0.06	1.2257	1.2231	1.2269	1.2250	1.2232	1.2203	1.2173	1.2164	1.2176	1.2156	1.2000	1.1984	1.2093	1.2059	1.1640	1.4286
