3	17
Pressure     SZA (degrees)
P_hPa       10  15  20  25  30  35  40  45  50  55  60  65  70  75  80  85	
1007.58	0.6483	0.6484	0.6482	0.6483	0.6489	0.6492	0.6500	0.6517	0.6519	0.6526	0.6554	0.6597	0.6649	0.6730	0.6890	0.7331
900.88	0.6964	0.6965	0.6963	0.6964	0.6970	0.6973	0.6981	0.6997	0.6999	0.7006	0.7034	0.7075	0.7126	0.7205	0.7359	0.7783
803.10	0.7484	0.7484	0.7482	0.7483	0.7489	0.7492	0.7499	0.7515	0.7516	0.7523	0.7549	0.7589	0.7637	0.7712	0.7857	0.8255
713.94	0.8020	0.8021	0.8019	0.8020	0.8025	0.8027	0.8034	0.8050	0.8050	0.8057	0.8081	0.8118	0.8162	0.8231	0.8364	0.8727
632.77	0.8592	0.8593	0.8591	0.8592	0.8596	0.8598	0.8604	0.8618	0.8618	0.8624	0.8645	0.8679	0.8717	0.8777	0.8894	0.9210
559.42	0.9186	0.9187	0.9184	0.9185	0.9188	0.9190	0.9194	0.9207	0.9206	0.9211	0.9228	0.9257	0.9289	0.9338	0.9434	0.9693
493.25	0.9798	0.9798	0.9796	0.9796	0.9798	0.9799	0.9802	0.9814	0.9810	0.9814	0.9827	0.9850	0.9873	0.9910	0.9980	1.0170
433.77	1.0425	1.0425	1.0422	1.0422	1.0423	1.0423	1.0425	1.0434	1.0429	1.0431	1.0438	1.0453	1.0467	1.0488	1.0529	1.0640
380.27	1.1068	1.1068	1.1066	1.1065	1.1064	1.1064	1.1063	1.1069	1.1063	1.1064	1.1063	1.1070	1.1072	1.1076	1.1082	1.1103
332.14	1.1728	1.1728	1.1725	1.1724	1.1722	1.1720	1.1717	1.1720	1.1711	1.1710	1.1702	1.1699	1.1688	1.1671	1.1638	1.1558
289.18	1.2398	1.2398	1.2395	1.2393	1.2389	1.2386	1.2380	1.2380	1.2369	1.2366	1.2348	1.2334	1.2308	1.2267	1.2191	1.2000
250.58	1.3082	1.3081	1.3078	1.3076	1.3069	1.3064	1.3056	1.3051	1.3037	1.3032	1.3005	1.2978	1.2935	1.2868	1.2744	1.2431
216.13	1.3773	1.3772	1.3769	1.3766	1.3757	1.3750	1.3739	1.3729	1.3713	1.3704	1.3666	1.3625	1.3563	1.3468	1.3291	1.2846
185.42	1.4470	1.4469	1.4466	1.4462	1.4450	1.4442	1.4427	1.4412	1.4392	1.4381	1.4330	1.4273	1.4191	1.4064	1.3829	1.3239
158.37	1.5164	1.5162	1.5159	1.5154	1.5139	1.5129	1.5109	1.5089	1.5065	1.5050	1.4986	1.4912	1.4807	1.4646	1.4348	1.3605
134.66	1.5843	1.5841	1.5838	1.5832	1.5814	1.5801	1.5777	1.5751	1.5723	1.5704	1.5625	1.5533	1.5404	1.5206	1.4841	1.3937
114.09	1.6497	1.6494	1.6491	1.6484	1.6462	1.6447	1.6419	1.6386	1.6354	1.6330	1.6237	1.6126	1.5972	1.5736	1.5302	1.4234
96.43	1.7112	1.7109	1.7105	1.7097	1.7071	1.7054	1.7021	1.6982	1.6944	1.6917	1.6808	1.6678	1.6498	1.6224	1.5721	1.4491
81.51	1.7650	1.7646	1.7642	1.7632	1.7604	1.7584	1.7547	1.7500	1.7459	1.7427	1.7303	1.7154	1.6950	1.6639	1.6068	1.4684
69.02	1.8116	1.8113	1.8108	1.8096	1.8065	1.8043	1.8002	1.7949	1.7903	1.7868	1.7729	1.7563	1.7336	1.6992	1.6360	1.4836
58.60	1.8505	1.8500	1.8495	1.8482	1.8448	1.8425	1.8380	1.8321	1.8271	1.8233	1.8082	1.7899	1.7653	1.7278	1.6593	1.4946
49.87	1.8828	1.8823	1.8818	1.8803	1.8767	1.8742	1.8694	1.8630	1.8577	1.8536	1.8373	1.8176	1.7912	1.7512	1.6779	1.5026
42.55	1.9109	1.9104	1.9099	1.9083	1.9044	1.9018	1.8968	1.8899	1.8843	1.8799	1.8627	1.8417	1.8138	1.7714	1.6940	1.5093
36.36	1.9344	1.9339	1.9333	1.9316	1.9276	1.9248	1.9196	1.9122	1.9064	1.9019	1.8837	1.8617	1.8324	1.7880	1.7069	1.5143
31.12	1.9538	1.9533	1.9527	1.9509	1.9467	1.9439	1.9384	1.9307	1.9246	1.9199	1.9010	1.8781	1.8476	1.8015	1.7173	1.5177
26.68	1.9693	1.9688	1.9682	1.9663	1.9620	1.9590	1.9534	1.9454	1.9392	1.9343	1.9148	1.8910	1.8595	1.8119	1.7251	1.5198
22.91	1.9816	1.9811	1.9804	1.9785	1.9741	1.9710	1.9653	1.9570	1.9506	1.9456	1.9255	1.9010	1.8688	1.8200	1.7310	1.5209
19.72	1.9912	1.9907	1.9900	1.9880	1.9835	1.9804	1.9746	1.9660	1.9595	1.9544	1.9338	1.9088	1.8758	1.8260	1.7352	1.5212
16.99	1.9995	1.9989	1.9982	1.9961	1.9916	1.9884	1.9825	1.9737	1.9671	1.9619	1.9410	1.9154	1.8819	1.8312	1.7388	1.5214
14.66	2.0058	2.0052	2.0045	2.0024	1.9977	1.9946	1.9885	1.9796	1.9729	1.9676	1.9464	1.9204	1.8864	1.8350	1.7413	1.5211
12.67	2.0105	2.0099	2.0092	2.0070	2.0023	1.9991	1.9930	1.9839	1.9771	1.9718	1.9503	1.9240	1.8896	1.8376	1.7429	1.5204
10.96	2.0137	2.0131	2.0124	2.0102	2.0055	2.0022	1.9961	1.9869	1.9800	1.9746	1.9529	1.9263	1.8916	1.8391	1.7436	1.5193
9.49	2.0162	2.0156	2.0149	2.0126	2.0079	2.0046	1.9985	1.9891	1.9822	1.9768	1.9549	1.9281	1.8931	1.8402	1.7440	1.5182
8.23	2.0184	2.0179	2.0171	2.0148	2.0100	2.0068	2.0006	1.9912	1.9842	1.9788	1.9567	1.9297	1.8944	1.8412	1.7444	1.5173
7.15	2.0198	2.0192	2.0185	2.0162	2.0114	2.0081	2.0019	1.9924	1.9854	1.9799	1.9577	1.9305	1.8951	1.8416	1.7443	1.5161
6.21	2.0205	2.0199	2.0191	2.0168	2.0120	2.0087	2.0025	1.9929	1.9859	1.9804	1.9581	1.9308	1.8952	1.8415	1.7438	1.5149
5.40	2.0205	2.0199	2.0192	2.0168	2.0120	2.0087	2.0024	1.9928	1.9858	1.9802	1.9579	1.9304	1.8948	1.8409	1.7429	1.5135
4.70	2.0190	2.0184	2.0177	2.0153	2.0104	2.0071	2.0009	1.9912	1.9842	1.9787	1.9563	1.9287	1.8930	1.8391	1.7410	1.5114
4.10	2.0158	2.0152	2.0144	2.0120	2.0072	2.0039	1.9977	1.9880	1.9810	1.9754	1.9530	1.9255	1.8898	1.8359	1.7379	1.5084
3.58	2.0121	2.0115	2.0108	2.0083	2.0035	2.0002	1.9940	1.9843	1.9773	1.9718	1.9494	1.9219	1.8862	1.8324	1.7345	1.5054
3.12	2.0081	2.0075	2.0067	2.0043	1.9995	1.9962	1.9901	1.9803	1.9733	1.9678	1.9454	1.9179	1.8823	1.8287	1.7309	1.5023
2.73	2.0037	2.0032	2.0024	2.0000	1.9952	1.9919	1.9858	1.9760	1.9690	1.9635	1.9412	1.9137	1.8782	1.8247	1.7272	1.4990
2.40	1.9992	1.9986	1.9978	1.9954	1.9906	1.9874	1.9812	1.9714	1.9645	1.9590	1.9367	1.9093	1.8739	1.8205	1.7233	1.4958
2.10	1.9943	1.9938	1.9930	1.9905	1.9858	1.9826	1.9765	1.9667	1.9597	1.9542	1.9321	1.9047	1.8694	1.8161	1.7192	1.4924
1.85	1.9898	1.9892	1.9885	1.9860	1.9813	1.9780	1.9720	1.9622	1.9553	1.9498	1.9277	1.9003	1.8651	1.8120	1.7154	1.4893
1.63	1.9854	1.9848	1.9840	1.9815	1.9769	1.9736	1.9676	1.9578	1.9509	1.9454	1.9234	1.8961	1.8610	1.8081	1.7118	1.4863
1.43	1.9808	1.9803	1.9795	1.9770	1.9723	1.9691	1.9631	1.9533	1.9464	1.9410	1.9190	1.8917	1.8568	1.8040	1.7080	1.4833
1.26	1.9762	1.9756	1.9749	1.9723	1.9677	1.9645	1.9585	1.9487	1.9419	1.9364	1.9145	1.8873	1.8525	1.7999	1.7042	1.4802
1.11	1.9714	1.9709	1.9701	1.9676	1.9629	1.9598	1.9538	1.9440	1.9372	1.9318	1.9099	1.8828	1.8481	1.7957	1.7003	1.4771
0.98	1.9682	1.9676	1.9668	1.9643	1.9597	1.9565	1.9506	1.9408	1.9340	1.9285	1.9067	1.8797	1.8450	1.7928	1.6976	1.4749
0.87	1.9744	1.9738	1.9730	1.9705	1.9659	1.9627	1.9567	1.9469	1.9400	1.9346	1.9126	1.8854	1.8506	1.7981	1.7024	1.4785
0.77	1.9805	1.9799	1.9792	1.9766	1.9720	1.9688	1.9627	1.9529	1.9460	1.9405	1.9185	1.8912	1.8561	1.8033	1.7071	1.4819
0.67	1.9866	1.9860	1.9853	1.9827	1.9780	1.9748	1.9687	1.9589	1.9520	1.9465	1.9243	1.8968	1.8616	1.8085	1.7117	1.4854
0.59	1.9927	1.9921	1.9914	1.9888	1.9841	1.9809	1.9747	1.9649	1.9579	1.9524	1.9301	1.9025	1.8671	1.8136	1.7164	1.4888
0.52	1.9988	1.9982	1.9974	1.9949	1.9901	1.9869	1.9807	1.9708	1.9638	1.9583	1.9359	1.9082	1.8725	1.8188	1.7210	1.4923
0.46	2.0048	2.0042	2.0034	2.0009	1.9961	1.9928	1.9866	1.9767	1.9697	1.9641	1.9416	1.9138	1.8779	1.8239	1.7256	1.4957
0.40	2.0108	2.0102	2.0094	2.0070	2.0021	1.9988	1.9926	1.9826	1.9755	1.9699	1.9473	1.9194	1.8833	1.8290	1.7302	1.4990
0.35	2.0168	2.0162	2.0154	2.0129	2.0081	2.0047	1.9984	1.9885	1.9814	1.9757	1.9530	1.9249	1.8887	1.8341	1.7347	1.5024
0.31	2.0227	2.0221	2.0214	2.0189	2.0140	2.0106	2.0043	1.9943	1.9871	1.9815	1.9586	1.9304	1.8940	1.8391	1.7392	1.5057
0.27	2.0287	2.0281	2.0273	2.0248	2.0199	2.0165	2.0101	2.0001	1.9929	1.9872	1.9643	1.9360	1.8994	1.8441	1.7437	1.5090
0.24	2.0345	2.0339	2.0332	2.0307	2.0257	2.0223	2.0159	2.0059	1.9987	1.9929	1.9698	1.9414	1.9046	1.8491	1.7482	1.5123
0.21	2.0404	2.0398	2.0390	2.0366	2.0316	2.0281	2.0217	2.0116	2.0044	1.9986	1.9754	1.9469	1.9099	1.8541	1.7526	1.5156
0.18	2.0463	2.0457	2.0449	2.0424	2.0374	2.0339	2.0274	2.0174	2.0101	2.0043	1.9810	1.9523	1.9151	1.8590	1.7570	1.5188
0.16	2.0521	2.0515	2.0507	2.0482	2.0432	2.0397	2.0331	2.0230	2.0157	2.0099	1.9865	1.9577	1.9203	1.8639	1.7613	1.5219
0.14	2.0579	2.0573	2.0565	2.0540	2.0489	2.0454	2.0388	2.0287	2.0214	2.0155	1.9920	1.9631	1.9255	1.8688	1.7657	1.5251
0.12	2.0636	2.0630	2.0622	2.0598	2.0547	2.0511	2.0445	2.0344	2.0269	2.0211	1.9974	1.9684	1.9306	1.8736	1.7700	1.5282
0.10	2.0693	2.0687	2.0680	2.0655	2.0604	2.0568	2.0501	2.0400	2.0325	2.0266	2.0028	1.9737	1.9357	1.8784	1.7742	1.5312
0.09	2.0751	2.0744	2.0737	2.0712	2.0660	2.0625	2.0557	2.0456	2.0381	2.0321	2.0082	1.9790	1.9408	1.8832	1.7785	1.5343
0.08	2.0807	2.0801	2.0794	2.0769	2.0717	2.0681	2.0613	2.0511	2.0436	2.0376	2.0136	1.9842	1.9459	1.8879	1.7827	1.5373
0.07	2.0864	2.0858	2.0850	2.0826	2.0773	2.0737	2.0669	2.0567	2.0491	2.0431	2.0190	1.9895	1.9509	1.8926	1.7869	1.5402
0.06	2.0920	2.0914	2.0906	2.0882	2.0829	2.0793	2.0724	2.0622	2.0546	2.0485	2.0243	1.9947	1.9559	1.8973	1.7910	1.5431
